[ERROR] 10:17:50.816:
- DsiCodetech.Administrador.Web.Controllers.ClientesController.AddClient (Line #0)
- DsiCodetech.Administrador.Domain.Exception.BusinessException: El RFC que intenta agregar ya existe.
 
[ERROR] 10:18:01.923:
- DsiCodetech.Administrador.Web.Handler.ExceptionHandler.SuPlazaExceptionFilterAttribute.OnException (Line #0)
- Se genero una excepción para el usuario 
 
[ERROR] 10:18:01.931:
- DsiCodetech.Administrador.Web.Handler.ExceptionHandler.SuPlazaExceptionFilterAttribute.OnException (Line #0)
- Error generado en AddClient en el controller Clientes
 
[ERROR] 10:18:01.931:
- DsiCodetech.Administrador.Web.Handler.ExceptionHandler.SuPlazaExceptionFilterAttribute.OnException (Line #0)
- Se genero una excepción para el usuario 
 
[ERROR] 10:18:01.931:
- DsiCodetech.Administrador.Web.Handler.ExceptionHandler.SuPlazaExceptionFilterAttribute.OnException (Line #0)
- Error generado en AddClient en el controller Clientes
 
[ERROR] 10:20:04.468:
- DsiCodetech.Administrador.Web.Controllers.ClientesController.AddClient (Line #0)
- DsiCodetech.Administrador.Domain.Exception.BusinessException: El RFC que intenta agregar ya existe.
 
[ERROR] 10:20:16.471:
- DsiCodetech.Administrador.Web.Handler.ExceptionHandler.SuPlazaExceptionFilterAttribute.OnException (Line #0)
- Se genero una excepción para el usuario 
 
[ERROR] 10:20:16.472:
- DsiCodetech.Administrador.Web.Handler.ExceptionHandler.SuPlazaExceptionFilterAttribute.OnException (Line #0)
- Error generado en AddClient en el controller Clientes
 
[ERROR] 10:20:16.472:
- DsiCodetech.Administrador.Web.Handler.ExceptionHandler.SuPlazaExceptionFilterAttribute.OnException (Line #0)
- Se genero una excepción para el usuario 
 
[ERROR] 10:20:16.472:
- DsiCodetech.Administrador.Web.Handler.ExceptionHandler.SuPlazaExceptionFilterAttribute.OnException (Line #0)
- Error generado en AddClient en el controller Clientes
 
[ERROR] 10:22:02.769:
- DsiCodetech.Administrador.Web.Controllers.ClientesController.AddClient (Line #0)
- DsiCodetech.Administrador.Domain.Exception.BusinessException: El RFC que intenta agregar ya existe.
 
[ERROR] 10:22:09.703:
- DsiCodetech.Administrador.Web.Handler.ExceptionHandler.SuPlazaExceptionFilterAttribute.OnException (Line #0)
- Se genero una excepción para el usuario 
 
[ERROR] 10:22:09.703:
- DsiCodetech.Administrador.Web.Handler.ExceptionHandler.SuPlazaExceptionFilterAttribute.OnException (Line #0)
- Error generado en AddClient en el controller Clientes
 
[ERROR] 10:22:09.703:
- DsiCodetech.Administrador.Web.Handler.ExceptionHandler.SuPlazaExceptionFilterAttribute.OnException (Line #0)
- Se genero una excepción para el usuario 
 
[ERROR] 10:22:09.703:
- DsiCodetech.Administrador.Web.Handler.ExceptionHandler.SuPlazaExceptionFilterAttribute.OnException (Line #0)
- Error generado en AddClient en el controller Clientes
 
[ERROR] 10:22:21.476:
- DsiCodetech.Administrador.Web.Controllers.ClientesController.AddClient (Line #0)
- DsiCodetech.Administrador.Domain.Exception.BusinessException: El RFC que intenta agregar ya existe.
 
[ERROR] 10:22:23.849:
- DsiCodetech.Administrador.Web.Handler.ExceptionHandler.SuPlazaExceptionFilterAttribute.OnException (Line #0)
- Se genero una excepción para el usuario 
 
[ERROR] 10:22:23.849:
- DsiCodetech.Administrador.Web.Handler.ExceptionHandler.SuPlazaExceptionFilterAttribute.OnException (Line #0)
- Error generado en AddClient en el controller Clientes
 
[ERROR] 10:22:23.849:
- DsiCodetech.Administrador.Web.Handler.ExceptionHandler.SuPlazaExceptionFilterAttribute.OnException (Line #0)
- Se genero una excepción para el usuario 
 
[ERROR] 10:22:23.849:
- DsiCodetech.Administrador.Web.Handler.ExceptionHandler.SuPlazaExceptionFilterAttribute.OnException (Line #0)
- Error generado en AddClient en el controller Clientes
 
[ERROR] 10:26:59.561:
- DsiCodetech.Administrador.Web.Controllers.ClientesController.AddClient (Line #0)
- DsiCodetech.Administrador.Domain.Exception.BusinessException: El RFC que intenta agregar ya existe.
 
[ERROR] 10:27:01.839:
- DsiCodetech.Administrador.Web.Handler.ExceptionHandler.SuPlazaExceptionFilterAttribute.OnException (Line #0)
- Se genero una excepción para el usuario 
 
[ERROR] 10:27:01.839:
- DsiCodetech.Administrador.Web.Handler.ExceptionHandler.SuPlazaExceptionFilterAttribute.OnException (Line #0)
- Error generado en AddClient en el controller Clientes
 
[ERROR] 10:27:01.839:
- DsiCodetech.Administrador.Web.Handler.ExceptionHandler.SuPlazaExceptionFilterAttribute.OnException (Line #0)
- Se genero una excepción para el usuario 
 
[ERROR] 10:27:01.839:
- DsiCodetech.Administrador.Web.Handler.ExceptionHandler.SuPlazaExceptionFilterAttribute.OnException (Line #0)
- Error generado en AddClient en el controller Clientes
 
[ERROR] 10:27:21.051:
- DsiCodetech.Administrador.Web.Controllers.ClientesController.AddClient (Line #0)
- DsiCodetech.Administrador.Domain.Exception.BusinessException: El RFC que intenta agregar ya existe.
 
[ERROR] 10:27:25.268:
- DsiCodetech.Administrador.Web.Handler.ExceptionHandler.SuPlazaExceptionFilterAttribute.OnException (Line #0)
- Se genero una excepción para el usuario 
 
[ERROR] 10:27:25.268:
- DsiCodetech.Administrador.Web.Handler.ExceptionHandler.SuPlazaExceptionFilterAttribute.OnException (Line #0)
- Error generado en AddClient en el controller Clientes
 
[ERROR] 10:27:25.268:
- DsiCodetech.Administrador.Web.Handler.ExceptionHandler.SuPlazaExceptionFilterAttribute.OnException (Line #0)
- Se genero una excepción para el usuario 
 
[ERROR] 10:27:25.268:
- DsiCodetech.Administrador.Web.Handler.ExceptionHandler.SuPlazaExceptionFilterAttribute.OnException (Line #0)
- Error generado en AddClient en el controller Clientes
 
[ERROR] 10:30:07.188:
- DsiCodetech.Administrador.Web.Controllers.ClientesController.AddClient (Line #0)
- DsiCodetech.Administrador.Domain.Exception.BusinessException: El RFC que intenta agregar ya existe.
 
[ERROR] 10:30:10.280:
- DsiCodetech.Administrador.Web.Handler.ExceptionHandler.SuPlazaExceptionFilterAttribute.OnException (Line #0)
- Se genero una excepción para el usuario 
 
[ERROR] 10:30:10.280:
- DsiCodetech.Administrador.Web.Handler.ExceptionHandler.SuPlazaExceptionFilterAttribute.OnException (Line #0)
- Error generado en AddClient en el controller Clientes
 
[ERROR] 10:30:10.280:
- DsiCodetech.Administrador.Web.Handler.ExceptionHandler.SuPlazaExceptionFilterAttribute.OnException (Line #0)
- Se genero una excepción para el usuario 
 
[ERROR] 10:30:10.280:
- DsiCodetech.Administrador.Web.Handler.ExceptionHandler.SuPlazaExceptionFilterAttribute.OnException (Line #0)
- Error generado en AddClient en el controller Clientes
 
[ERROR] 11:04:36.360:
- DsiCodetech.Administrador.Web.Controllers.ClientesController.AddClient (Line #0)
- DsiCodetech.Administrador.Domain.Exception.BusinessException: El RFC que intenta agregar ya existe.
 
[ERROR] 11:04:44.239:
- DsiCodetech.Administrador.Web.Handler.ExceptionHandler.SuPlazaExceptionFilterAttribute.OnException (Line #0)
- Se genero una excepción para el usuario 
 
[ERROR] 11:04:44.239:
- DsiCodetech.Administrador.Web.Handler.ExceptionHandler.SuPlazaExceptionFilterAttribute.OnException (Line #0)
- Error generado en AddClient en el controller Clientes
 
[ERROR] 11:04:44.239:
- DsiCodetech.Administrador.Web.Handler.ExceptionHandler.SuPlazaExceptionFilterAttribute.OnException (Line #0)
- Se genero una excepción para el usuario 
 
[ERROR] 11:04:44.239:
- DsiCodetech.Administrador.Web.Handler.ExceptionHandler.SuPlazaExceptionFilterAttribute.OnException (Line #0)
- Error generado en AddClient en el controller Clientes
 
[ERROR] 11:04:57.571:
- DsiCodetech.Administrador.Web.Controllers.ClientesController.AddClient (Line #0)
- DsiCodetech.Administrador.Domain.Exception.BusinessException: El RFC que intenta agregar ya existe.
 
[ERROR] 11:05:00.291:
- DsiCodetech.Administrador.Web.Handler.ExceptionHandler.SuPlazaExceptionFilterAttribute.OnException (Line #0)
- Se genero una excepción para el usuario 
 
[ERROR] 11:05:00.291:
- DsiCodetech.Administrador.Web.Handler.ExceptionHandler.SuPlazaExceptionFilterAttribute.OnException (Line #0)
- Error generado en AddClient en el controller Clientes
 
[ERROR] 11:05:00.291:
- DsiCodetech.Administrador.Web.Handler.ExceptionHandler.SuPlazaExceptionFilterAttribute.OnException (Line #0)
- Se genero una excepción para el usuario 
 
[ERROR] 11:05:00.291:
- DsiCodetech.Administrador.Web.Handler.ExceptionHandler.SuPlazaExceptionFilterAttribute.OnException (Line #0)
- Error generado en AddClient en el controller Clientes
 
[ERROR] 11:05:23.993:
- DsiCodetech.Administrador.Web.Controllers.ClientesController.AddClient (Line #0)
- DsiCodetech.Administrador.Domain.Exception.BusinessException: El RFC que intenta agregar ya existe.
 
[ERROR] 11:05:30.546:
- DsiCodetech.Administrador.Web.Handler.ExceptionHandler.SuPlazaExceptionFilterAttribute.OnException (Line #0)
- Se genero una excepción para el usuario 
 
[ERROR] 11:05:30.546:
- DsiCodetech.Administrador.Web.Handler.ExceptionHandler.SuPlazaExceptionFilterAttribute.OnException (Line #0)
- Error generado en AddClient en el controller Clientes
 
[ERROR] 11:05:30.546:
- DsiCodetech.Administrador.Web.Handler.ExceptionHandler.SuPlazaExceptionFilterAttribute.OnException (Line #0)
- Se genero una excepción para el usuario 
 
[ERROR] 11:05:30.546:
- DsiCodetech.Administrador.Web.Handler.ExceptionHandler.SuPlazaExceptionFilterAttribute.OnException (Line #0)
- Error generado en AddClient en el controller Clientes
 
[ERROR] 11:11:04.067:
- DsiCodetech.Administrador.Web.Controllers.ClientesController.AddClient (Line #0)
- DsiCodetech.Administrador.Domain.Exception.BusinessException: El RFC que intenta agregar ya existe.
 
[ERROR] 11:11:09.354:
- DsiCodetech.Administrador.Web.Handler.ExceptionHandler.SuPlazaExceptionFilterAttribute.OnException (Line #0)
- Se genero una excepción para el usuario 
 
[ERROR] 11:11:09.354:
- DsiCodetech.Administrador.Web.Handler.ExceptionHandler.SuPlazaExceptionFilterAttribute.OnException (Line #0)
- Error generado en AddClient en el controller Clientes
 
[ERROR] 11:11:09.354:
- DsiCodetech.Administrador.Web.Handler.ExceptionHandler.SuPlazaExceptionFilterAttribute.OnException (Line #0)
- Se genero una excepción para el usuario 
 
[ERROR] 11:11:09.354:
- DsiCodetech.Administrador.Web.Handler.ExceptionHandler.SuPlazaExceptionFilterAttribute.OnException (Line #0)
- Error generado en AddClient en el controller Clientes
 
[ERROR] 11:16:36.463:
- DsiCodetech.Administrador.Web.Controllers.ClientesController.AddClient (Line #0)
- DsiCodetech.Administrador.Domain.Exception.BusinessException: El RFC que intenta agregar ya existe.
 
[ERROR] 11:16:44.384:
- DsiCodetech.Administrador.Web.Handler.ExceptionHandler.SuPlazaExceptionFilterAttribute.OnException (Line #0)
- Se genero una excepción para el usuario 
 
[ERROR] 11:16:44.384:
- DsiCodetech.Administrador.Web.Handler.ExceptionHandler.SuPlazaExceptionFilterAttribute.OnException (Line #0)
- Error generado en AddClient en el controller Clientes
 
[ERROR] 11:16:44.384:
- DsiCodetech.Administrador.Web.Handler.ExceptionHandler.SuPlazaExceptionFilterAttribute.OnException (Line #0)
- Se genero una excepción para el usuario 
 
[ERROR] 11:16:44.384:
- DsiCodetech.Administrador.Web.Handler.ExceptionHandler.SuPlazaExceptionFilterAttribute.OnException (Line #0)
- Error generado en AddClient en el controller Clientes
 
[ERROR] 11:17:01.128:
- DsiCodetech.Administrador.Web.Controllers.ClientesController.AddClient (Line #0)
- DsiCodetech.Administrador.Domain.Exception.BusinessException: El RFC que intenta agregar ya existe.
 
[ERROR] 11:17:03.911:
- DsiCodetech.Administrador.Web.Handler.ExceptionHandler.SuPlazaExceptionFilterAttribute.OnException (Line #0)
- Se genero una excepción para el usuario 
 
[ERROR] 11:17:03.911:
- DsiCodetech.Administrador.Web.Handler.ExceptionHandler.SuPlazaExceptionFilterAttribute.OnException (Line #0)
- Error generado en AddClient en el controller Clientes
 
[ERROR] 11:17:03.911:
- DsiCodetech.Administrador.Web.Handler.ExceptionHandler.SuPlazaExceptionFilterAttribute.OnException (Line #0)
- Se genero una excepción para el usuario 
 
[ERROR] 11:17:03.911:
- DsiCodetech.Administrador.Web.Handler.ExceptionHandler.SuPlazaExceptionFilterAttribute.OnException (Line #0)
- Error generado en AddClient en el controller Clientes
 
[ERROR] 11:18:18.135:
- DsiCodetech.Administrador.Web.Controllers.ClientesController.AddClient (Line #0)
- DsiCodetech.Administrador.Domain.Exception.BusinessException: El RFC que intenta agregar ya existe.
 
[ERROR] 11:18:21.214:
- DsiCodetech.Administrador.Web.Handler.ExceptionHandler.SuPlazaExceptionFilterAttribute.OnException (Line #0)
- Se genero una excepción para el usuario 
 
[ERROR] 11:18:21.214:
- DsiCodetech.Administrador.Web.Handler.ExceptionHandler.SuPlazaExceptionFilterAttribute.OnException (Line #0)
- Error generado en AddClient en el controller Clientes
 
[ERROR] 11:18:21.214:
- DsiCodetech.Administrador.Web.Handler.ExceptionHandler.SuPlazaExceptionFilterAttribute.OnException (Line #0)
- Se genero una excepción para el usuario 
 
[ERROR] 11:18:21.214:
- DsiCodetech.Administrador.Web.Handler.ExceptionHandler.SuPlazaExceptionFilterAttribute.OnException (Line #0)
- Error generado en AddClient en el controller Clientes
 
[ERROR] 14:50:50.446:
- DsiCodetech.Administrador.Web.Controllers.ClientesController.GetClientesFromQuery (Line #0)
- System.NotSupportedException: The LINQ expression node type 'Invoke' is not supported in LINQ to Entities.
 
[ERROR] 14:51:13.807:
- DsiCodetech.Administrador.Web.Handler.ExceptionHandler.SuPlazaExceptionFilterAttribute.OnException (Line #0)
- Se genero una excepción para el usuario 
 
[ERROR] 14:51:13.807:
- DsiCodetech.Administrador.Web.Handler.ExceptionHandler.SuPlazaExceptionFilterAttribute.OnException (Line #0)
- Error generado en GetClientesFromQuery en el controller Clientes
 
[ERROR] 14:51:13.807:
- DsiCodetech.Administrador.Web.Handler.ExceptionHandler.SuPlazaExceptionFilterAttribute.OnException (Line #0)
- Se genero una excepción para el usuario 
 
[ERROR] 14:51:13.807:
- DsiCodetech.Administrador.Web.Handler.ExceptionHandler.SuPlazaExceptionFilterAttribute.OnException (Line #0)
- Error generado en GetClientesFromQuery en el controller Clientes
 
[ERROR] 14:55:06.159:
- DsiCodetech.Administrador.Web.Controllers.ClientesController.AddClient (Line #0)
- DsiCodetech.Administrador.Domain.Exception.BusinessException: El RFC que intenta agregar ya existe.
 
[ERROR] 14:55:09.007:
- DsiCodetech.Administrador.Web.Handler.ExceptionHandler.SuPlazaExceptionFilterAttribute.OnException (Line #0)
- Se genero una excepción para el usuario 
 
[ERROR] 14:55:09.007:
- DsiCodetech.Administrador.Web.Handler.ExceptionHandler.SuPlazaExceptionFilterAttribute.OnException (Line #0)
- Error generado en AddClient en el controller Clientes
 
[ERROR] 14:55:09.007:
- DsiCodetech.Administrador.Web.Handler.ExceptionHandler.SuPlazaExceptionFilterAttribute.OnException (Line #0)
- Se genero una excepción para el usuario 
 
[ERROR] 14:55:09.007:
- DsiCodetech.Administrador.Web.Handler.ExceptionHandler.SuPlazaExceptionFilterAttribute.OnException (Line #0)
- Error generado en AddClient en el controller Clientes
 
[ERROR] 14:55:14.185:
- DsiCodetech.Administrador.Web.Controllers.ClientesController.AddClient (Line #0)
- DsiCodetech.Administrador.Domain.Exception.BusinessException: El RFC que intenta agregar ya existe.
 
[ERROR] 14:55:16.289:
- DsiCodetech.Administrador.Web.Handler.ExceptionHandler.SuPlazaExceptionFilterAttribute.OnException (Line #0)
- Se genero una excepción para el usuario 
 
[ERROR] 14:55:16.289:
- DsiCodetech.Administrador.Web.Handler.ExceptionHandler.SuPlazaExceptionFilterAttribute.OnException (Line #0)
- Error generado en AddClient en el controller Clientes
 
[ERROR] 14:55:16.289:
- DsiCodetech.Administrador.Web.Handler.ExceptionHandler.SuPlazaExceptionFilterAttribute.OnException (Line #0)
- Se genero una excepción para el usuario 
 
[ERROR] 14:55:16.289:
- DsiCodetech.Administrador.Web.Handler.ExceptionHandler.SuPlazaExceptionFilterAttribute.OnException (Line #0)
- Error generado en AddClient en el controller Clientes
 
[ERROR] 15:17:15.351:
- DsiCodetech.Administrador.Web.Controllers.ClientesController.AddClient (Line #0)
- DsiCodetech.Administrador.Domain.Exception.BusinessException: El RFC que intenta agregar ya existe.
 
[ERROR] 15:17:17.645:
- DsiCodetech.Administrador.Web.Handler.ExceptionHandler.SuPlazaExceptionFilterAttribute.OnException (Line #0)
- Se genero una excepción para el usuario 
 
[ERROR] 15:17:17.645:
- DsiCodetech.Administrador.Web.Handler.ExceptionHandler.SuPlazaExceptionFilterAttribute.OnException (Line #0)
- Error generado en AddClient en el controller Clientes
 
[ERROR] 15:17:17.645:
- DsiCodetech.Administrador.Web.Handler.ExceptionHandler.SuPlazaExceptionFilterAttribute.OnException (Line #0)
- Se genero una excepción para el usuario 
 
[ERROR] 15:17:17.645:
- DsiCodetech.Administrador.Web.Handler.ExceptionHandler.SuPlazaExceptionFilterAttribute.OnException (Line #0)
- Error generado en AddClient en el controller Clientes
 
[ERROR] 18:06:27.392:
- DsiCodetech.Administrador.Web.Controllers.ClientesController.AddClient (Line #0)
- DsiCodetech.Administrador.Domain.Exception.BusinessException: El RFC que intenta agregar ya existe.
 
[ERROR] 18:06:33.218:
- DsiCodetech.Administrador.Web.Handler.ExceptionHandler.SuPlazaExceptionFilterAttribute.OnException (Line #0)
- Se genero una excepción para el usuario 
 
[ERROR] 18:06:33.218:
- DsiCodetech.Administrador.Web.Handler.ExceptionHandler.SuPlazaExceptionFilterAttribute.OnException (Line #0)
- Error generado en AddClient en el controller Clientes
 
[ERROR] 18:06:33.218:
- DsiCodetech.Administrador.Web.Handler.ExceptionHandler.SuPlazaExceptionFilterAttribute.OnException (Line #0)
- Se genero una excepción para el usuario 
 
[ERROR] 18:06:33.218:
- DsiCodetech.Administrador.Web.Handler.ExceptionHandler.SuPlazaExceptionFilterAttribute.OnException (Line #0)
- Error generado en AddClient en el controller Clientes
 
[ERROR] 18:08:04.431:
- DsiCodetech.Administrador.Web.Controllers.ClientesController.AddClient (Line #0)
- DsiCodetech.Administrador.Domain.Exception.BusinessException: El RFC que intenta agregar ya existe.
 
[ERROR] 18:08:06.785:
- DsiCodetech.Administrador.Web.Handler.ExceptionHandler.SuPlazaExceptionFilterAttribute.OnException (Line #0)
- Se genero una excepción para el usuario 
 
[ERROR] 18:08:06.785:
- DsiCodetech.Administrador.Web.Handler.ExceptionHandler.SuPlazaExceptionFilterAttribute.OnException (Line #0)
- Error generado en AddClient en el controller Clientes
 
[ERROR] 18:08:06.785:
- DsiCodetech.Administrador.Web.Handler.ExceptionHandler.SuPlazaExceptionFilterAttribute.OnException (Line #0)
- Se genero una excepción para el usuario 
 
[ERROR] 18:08:06.785:
- DsiCodetech.Administrador.Web.Handler.ExceptionHandler.SuPlazaExceptionFilterAttribute.OnException (Line #0)
- Error generado en AddClient en el controller Clientes
 
